This file contains any messages produced by compilers while
running configure, to aid debugging if configure makes a mistake.

It was created by lxsession configure 0.4.9.3, which was
generated by GNU Autoconf 2.69.  Invocation command line was

  $ ./configure --build=x86_64-linux-gnu --prefix=/usr --includedir=${prefix}/include --mandir=${prefix}/share/man --infodir=${prefix}/share/info --sysconfdir=/etc --localstatedir=/var --libdir=${prefix}/lib/x86_64-linux-gnu --libexecdir=${prefix}/lib/x86_64-linux-gnu --disable-maintainer-mode --disable-dependency-tracking --enable-man --enable-buildin-clipboard --enable-buildin-polkit

## --------- ##
## Platform. ##
## --------- ##

hostname = hugh
uname -m = x86_64
uname -r = 3.13.0-32-generic
uname -s = Linux
uname -v = #57-Ubuntu SMP Tue Jul 15 03:51:08 UTC 2014

/usr/bin/uname -p = unknown
/bin/uname -X     = unknown

/bin/arch              = unknown
/usr/bin/arch -k       = unknown
/usr/convex/getsysinfo = unknown
/usr/bin/hostinfo      = unknown
/bin/machine           = unknown
/usr/bin/oslevel       = unknown
/bin/universe          = unknown

PATH: /usr/local/sbin
PATH: /usr/local/bin
PATH: /usr/sbin
PATH: /usr/bin
PATH: /sbin
PATH: /bin
PATH: /usr/games
PATH: /usr/local/games


## ----------- ##
## Core tests. ##
## ----------- ##

configure:2442: checking for a BSD-compatible install
configure:2510: result: /usr/bin/install -c
configure:2521: checking whether build environment is sane
configure:2576: result: yes
configure:2727: checking for a thread-safe mkdir -p
configure:2766: result: /bin/mkdir -p
configure:2773: checking for gawk
configure:2789: found /usr/bin/gawk
configure:2800: result: gawk
configure:2811: checking whether make sets $(MAKE)
configure:2833: result: yes
configure:2862: checking whether make supports nested variables
configure:2879: result: yes
configure:3006: checking whether NLS is requested
configure:3015: result: yes
configure:3031: checking for style of include used by make
configure:3059: result: GNU
configure:3130: checking for gcc
configure:3146: found /usr/bin/gcc
configure:3157: result: gcc
configure:3386: checking for C compiler version
configure:3395: gcc --version >&5
gcc (Ubuntu 4.8.2-19ubuntu1) 4.8.2
Copyright (C) 2013 Free Software Foundation, Inc.
This is free software; see the source for copying conditions.  There is NO
warranty; not even for MERCHANTABILITY or FITNESS FOR A PARTICULAR PURPOSE.

configure:3406: $? = 0
configure:3395: gcc -v >&5
Using built-in specs.
COLLECT_GCC=gcc
COLLECT_LTO_WRAPPER=/usr/lib/gcc/x86_64-linux-gnu/4.8/lto-wrapper
Target: x86_64-linux-gnu
Configured with: ../src/configure -v --with-pkgversion='Ubuntu 4.8.2-19ubuntu1' --with-bugurl=file:///usr/share/doc/gcc-4.8/README.Bugs --enable-languages=c,c++,java,go,d,fortran,objc,obj-c++ --prefix=/usr --program-suffix=-4.8 --enable-shared --enable-linker-build-id --libexecdir=/usr/lib --without-included-gettext --enable-threads=posix --with-gxx-include-dir=/usr/include/c++/4.8 --libdir=/usr/lib --enable-nls --with-sysroot=/ --enable-clocale=gnu --enable-libstdcxx-debug --enable-libstdcxx-time=yes --enable-gnu-unique-object --disable-libmudflap --enable-plugin --with-system-zlib --disable-browser-plugin --enable-java-awt=gtk --enable-gtk-cairo --with-java-home=/usr/lib/jvm/java-1.5.0-gcj-4.8-amd64/jre --enable-java-home --with-jvm-root-dir=/usr/lib/jvm/java-1.5.0-gcj-4.8-amd64 --with-jvm-jar-dir=/usr/lib/jvm-exports/java-1.5.0-gcj-4.8-amd64 --with-arch-directory=amd64 --with-ecj-jar=/usr/share/java/eclipse-ecj.jar --enable-objc-gc --enable-multiarch --disable-werror --with-arch-32=i686 --with-abi=m64 --with-multilib-list=m32,m64,mx32 --with-tune=generic --enable-checking=release --build=x86_64-linux-gnu --host=x86_64-linux-gnu --target=x86_64-linux-gnu
Thread model: posix
gcc version 4.8.2 (Ubuntu 4.8.2-19ubuntu1) 
configure:3406: $? = 0
configure:3395: gcc -V >&5
gcc: error: unrecognized command line option '-V'
gcc: fatal error: no input files
compilation terminated.
configure:3406: $? = 4
configure:3395: gcc -qversion >&5
gcc: error: unrecognized command line option '-qversion'
gcc: fatal error: no input files
compilation terminated.
configure:3406: $? = 4
configure:3426: checking whether the C compiler works
configure:3448: gcc -g -O2 -fstack-protector --param=ssp-buffer-size=4 -Wformat -Werror=format-security -D_FORTIFY_SOURCE=2 -Wl,-Bsymbolic-functions -Wl,-z,relro conftest.c  >&5
configure:3452: $? = 0
configure:3500: result: yes
configure:3503: checking for C compiler default output file name
configure:3505: result: a.out
configure:3511: checking for suffix of executables
configure:3518: gcc -o conftest -g -O2 -fstack-protector --param=ssp-buffer-size=4 -Wformat -Werror=format-security -D_FORTIFY_SOURCE=2 -Wl,-Bsymbolic-functions -Wl,-z,relro conftest.c  >&5
configure:3522: $? = 0
configure:3544: result: 
configure:3566: checking whether we are cross compiling
configure:3574: gcc -o conftest -g -O2 -fstack-protector --param=ssp-buffer-size=4 -Wformat -Werror=format-security -D_FORTIFY_SOURCE=2 -Wl,-Bsymbolic-functions -Wl,-z,relro conftest.c  >&5
configure:3578: $? = 0
configure:3585: ./conftest
configure:3589: $? = 0
configure:3604: result: no
configure:3609: checking for suffix of object files
configure:3631: gcc -c -g -O2 -fstack-protector --param=ssp-buffer-size=4 -Wformat -Werror=format-security -D_FORTIFY_SOURCE=2 conftest.c >&5
configure:3635: $? = 0
configure:3656: result: o
configure:3660: checking whether we are using the GNU C compiler
configure:3679: gcc -c -g -O2 -fstack-protector --param=ssp-buffer-size=4 -Wformat -Werror=format-security -D_FORTIFY_SOURCE=2 conftest.c >&5
configure:3679: $? = 0
configure:3688: result: yes
configure:3697: checking whether gcc accepts -g
configure:3717: gcc -c -g -D_FORTIFY_SOURCE=2 conftest.c >&5
configure:3717: $? = 0
configure:3758: result: yes
configure:3775: checking for gcc option to accept ISO C89
configure:3838: gcc  -c -g -O2 -fstack-protector --param=ssp-buffer-size=4 -Wformat -Werror=format-security -D_FORTIFY_SOURCE=2 conftest.c >&5
configure:3838: $? = 0
configure:3851: result: none needed
configure:3876: checking whether gcc understands -c and -o together
configure:3898: gcc -c conftest.c -o conftest2.o
configure:3901: $? = 0
configure:3898: gcc -c conftest.c -o conftest2.o
configure:3901: $? = 0
configure:3913: result: yes
configure:3932: checking dependency style of gcc
configure:4043: result: none
configure:4073: checking for intltool >= 0.40.0
configure:4075: result: 0.50.2 found
configure:4083: checking for intltool-update
configure:4101: found /usr/bin/intltool-update
configure:4113: result: /usr/bin/intltool-update
configure:4123: checking for intltool-merge
configure:4141: found /usr/bin/intltool-merge
configure:4153: result: /usr/bin/intltool-merge
configure:4163: checking for intltool-extract
configure:4181: found /usr/bin/intltool-extract
configure:4193: result: /usr/bin/intltool-extract
configure:4347: checking for xgettext
configure:4365: found /usr/bin/xgettext
configure:4377: result: /usr/bin/xgettext
configure:4387: checking for msgmerge
configure:4405: found /usr/bin/msgmerge
configure:4417: result: /usr/bin/msgmerge
configure:4427: checking for msgfmt
configure:4445: found /usr/bin/msgfmt
configure:4457: result: /usr/bin/msgfmt
configure:4467: checking for gmsgfmt
configure:4498: result: /usr/bin/msgfmt
configure:4518: checking for perl
configure:4536: found /usr/bin/perl
configure:4548: result: /usr/bin/perl
configure:4559: checking for perl >= 5.8.1
configure:4566: result: 5.18.2
configure:4598: gcc -o conftest -g -O2 -fstack-protector --param=ssp-buffer-size=4 -Wformat -Werror=format-security -D_FORTIFY_SOURCE=2 -Wl,-Bsymbolic-functions -Wl,-z,relro conftest.c  >&5
configure:4598: $? = 0
configure:4656: checking build system type
configure:4670: result: x86_64-pc-linux-gnu
configure:4690: checking host system type
configure:4703: result: x86_64-pc-linux-gnu
configure:4744: checking how to print strings
configure:4771: result: printf
configure:4792: checking for a sed that does not truncate output
configure:4856: result: /bin/sed
configure:4874: checking for grep that handles long lines and -e
configure:4932: result: /bin/grep
configure:4937: checking for egrep
configure:4999: result: /bin/grep -E
configure:5004: checking for fgrep
configure:5066: result: /bin/grep -F
configure:5101: checking for ld used by gcc
configure:5168: result: /usr/bin/ld
configure:5175: checking if the linker (/usr/bin/ld) is GNU ld
configure:5190: result: yes
configure:5202: checking for BSD- or MS-compatible name lister (nm)
configure:5251: result: /usr/bin/nm -B
configure:5381: checking the name lister (/usr/bin/nm -B) interface
configure:5388: gcc -c -g -O2 -fstack-protector --param=ssp-buffer-size=4 -Wformat -Werror=format-security -D_FORTIFY_SOURCE=2 conftest.c >&5
configure:5391: /usr/bin/nm -B "conftest.o"
configure:5394: output
0000000000000000 B some_variable
configure:5401: result: BSD nm
configure:5404: checking whether ln -s works
configure:5408: result: yes
configure:5416: checking the maximum length of command line arguments
configure:5547: result: 3458764513820540925
configure:5564: checking whether the shell understands some XSI constructs
configure:5574: result: yes
configure:5578: checking whether the shell understands "+="
configure:5584: result: yes
configure:5619: checking how to convert x86_64-pc-linux-gnu file names to x86_64-pc-linux-gnu format
configure:5659: result: func_convert_file_noop
configure:5666: checking how to convert x86_64-pc-linux-gnu file names to toolchain format
configure:5686: result: func_convert_file_noop
configure:5693: checking for /usr/bin/ld option to reload object files
configure:5700: result: -r
configure:5774: checking for objdump
configure:5790: found /usr/bin/objdump
configure:5801: result: objdump
configure:5833: checking how to recognize dependent libraries
configure:6031: result: pass_all
configure:6116: checking for dlltool
configure:6146: result: no
configure:6176: checking how to associate runtime and link libraries
configure:6203: result: printf %s\n
configure:6263: checking for ar
configure:6279: found /usr/bin/ar
configure:6290: result: ar
configure:6327: checking for archiver @FILE support
configure:6344: gcc -c -g -O2 -fstack-protector --param=ssp-buffer-size=4 -Wformat -Werror=format-security -D_FORTIFY_SOURCE=2 conftest.c >&5
configure:6344: $? = 0
configure:6347: ar cru libconftest.a @conftest.lst >&5
configure:6350: $? = 0
configure:6355: ar cru libconftest.a @conftest.lst >&5
ar: conftest.o: No such file or directory
configure:6358: $? = 1
configure:6370: result: @
configure:6428: checking for strip
configure:6444: found /usr/bin/strip
configure:6455: result: strip
configure:6527: checking for ranlib
configure:6543: found /usr/bin/ranlib
configure:6554: result: ranlib
configure:6656: checking command to parse /usr/bin/nm -B output from gcc object
configure:6776: gcc -c -g -O2 -fstack-protector --param=ssp-buffer-size=4 -Wformat -Werror=format-security -D_FORTIFY_SOURCE=2 conftest.c >&5
configure:6779: $? = 0
configure:6783: /usr/bin/nm -B conftest.o \| sed -n -e 's/^.*[ ]\([ABCDGIRSTW][ABCDGIRSTW]*\)[ ][ ]*\([_A-Za-z][_A-Za-z0-9]*\)$/\1 \2 \2/p' | sed '/ __gnu_lto/d' \> conftest.nm
configure:6786: $? = 0
configure:6852: gcc -o conftest -g -O2 -fstack-protector --param=ssp-buffer-size=4 -Wformat -Werror=format-security -D_FORTIFY_SOURCE=2 -Wl,-Bsymbolic-functions -Wl,-z,relro conftest.c conftstm.o >&5
configure:6855: $? = 0
configure:6893: result: ok
configure:6930: checking for sysroot
configure:6960: result: no
configure:7037: gcc -c -g -O2 -fstack-protector --param=ssp-buffer-size=4 -Wformat -Werror=format-security -D_FORTIFY_SOURCE=2 conftest.c >&5
configure:7040: $? = 0
configure:7229: checking for mt
configure:7245: found /bin/mt
configure:7256: result: mt
configure:7279: checking if mt is a manifest tool
configure:7285: mt '-?'
configure:7293: result: no
configure:7935: checking how to run the C preprocessor
configure:7966: gcc -E -D_FORTIFY_SOURCE=2 conftest.c
configure:7966: $? = 0
configure:7980: gcc -E -D_FORTIFY_SOURCE=2 conftest.c
conftest.c:11:28: fatal error: ac_nonexistent.h: No such file or directory
 #include <ac_nonexistent.h>
                            ^
compilation terminated.
configure:7980: $? = 1
configure: failed program was:
| /* confdefs.h */
| #define PACKAGE_NAME "lxsession"
| #define PACKAGE_TARNAME "lxsession"
| #define PACKAGE_VERSION "0.4.9.3"
| #define PACKAGE_STRING "lxsession 0.4.9.3"
| #define PACKAGE_BUGREPORT ""
| #define PACKAGE_URL ""
| #define PACKAGE "lxsession"
| #define VERSION "0.4.9.3"
| /* end confdefs.h.  */
| #include <ac_nonexistent.h>
configure:8005: result: gcc -E
configure:8025: gcc -E -D_FORTIFY_SOURCE=2 conftest.c
configure:8025: $? = 0
configure:8039: gcc -E -D_FORTIFY_SOURCE=2 conftest.c
conftest.c:11:28: fatal error: ac_nonexistent.h: No such file or directory
 #include <ac_nonexistent.h>
                            ^
compilation terminated.
configure:8039: $? = 1
configure: failed program was:
| /* confdefs.h */
| #define PACKAGE_NAME "lxsession"
| #define PACKAGE_TARNAME "lxsession"
| #define PACKAGE_VERSION "0.4.9.3"
| #define PACKAGE_STRING "lxsession 0.4.9.3"
| #define PACKAGE_BUGREPORT ""
| #define PACKAGE_URL ""
| #define PACKAGE "lxsession"
| #define VERSION "0.4.9.3"
| /* end confdefs.h.  */
| #include <ac_nonexistent.h>
configure:8068: checking for ANSI C header files
configure:8088: gcc -c -g -O2 -fstack-protector --param=ssp-buffer-size=4 -Wformat -Werror=format-security -D_FORTIFY_SOURCE=2 conftest.c >&5
configure:8088: $? = 0
configure:8161: gcc -o conftest -g -O2 -fstack-protector --param=ssp-buffer-size=4 -Wformat -Werror=format-security -D_FORTIFY_SOURCE=2 -Wl,-Bsymbolic-functions -Wl,-z,relro conftest.c  >&5
configure:8161: $? = 0
configure:8161: ./conftest
configure:8161: $? = 0
configure:8172: result: yes
configure:8185: checking for sys/types.h
configure:8185: gcc -c -g -O2 -fstack-protector --param=ssp-buffer-size=4 -Wformat -Werror=format-security -D_FORTIFY_SOURCE=2 conftest.c >&5
configure:8185: $? = 0
configure:8185: result: yes
configure:8185: checking for sys/stat.h
configure:8185: gcc -c -g -O2 -fstack-protector --param=ssp-buffer-size=4 -Wformat -Werror=format-security -D_FORTIFY_SOURCE=2 conftest.c >&5
configure:8185: $? = 0
configure:8185: result: yes
configure:8185: checking for stdlib.h
configure:8185: gcc -c -g -O2 -fstack-protector --param=ssp-buffer-size=4 -Wformat -Werror=format-security -D_FORTIFY_SOURCE=2 conftest.c >&5
configure:8185: $? = 0
configure:8185: result: yes
configure:8185: checking for string.h
configure:8185: gcc -c -g -O2 -fstack-protector --param=ssp-buffer-size=4 -Wformat -Werror=format-security -D_FORTIFY_SOURCE=2 conftest.c >&5
configure:8185: $? = 0
configure:8185: result: yes
configure:8185: checking for memory.h
configure:8185: gcc -c -g -O2 -fstack-protector --param=ssp-buffer-size=4 -Wformat -Werror=format-security -D_FORTIFY_SOURCE=2 conftest.c >&5
configure:8185: $? = 0
configure:8185: result: yes
configure:8185: checking for strings.h
configure:8185: gcc -c -g -O2 -fstack-protector --param=ssp-buffer-size=4 -Wformat -Werror=format-security -D_FORTIFY_SOURCE=2 conftest.c >&5
configure:8185: $? = 0
configure:8185: result: yes
configure:8185: checking for inttypes.h
configure:8185: gcc -c -g -O2 -fstack-protector --param=ssp-buffer-size=4 -Wformat -Werror=format-security -D_FORTIFY_SOURCE=2 conftest.c >&5
configure:8185: $? = 0
configure:8185: result: yes
configure:8185: checking for stdint.h
configure:8185: gcc -c -g -O2 -fstack-protector --param=ssp-buffer-size=4 -Wformat -Werror=format-security -D_FORTIFY_SOURCE=2 conftest.c >&5
configure:8185: $? = 0
configure:8185: result: yes
configure:8185: checking for unistd.h
configure:8185: gcc -c -g -O2 -fstack-protector --param=ssp-buffer-size=4 -Wformat -Werror=format-security -D_FORTIFY_SOURCE=2 conftest.c >&5
configure:8185: $? = 0
configure:8185: result: yes
configure:8199: checking for dlfcn.h
configure:8199: gcc -c -g -O2 -fstack-protector --param=ssp-buffer-size=4 -Wformat -Werror=format-security -D_FORTIFY_SOURCE=2 conftest.c >&5
configure:8199: $? = 0
configure:8199: result: yes
configure:8405: checking for objdir
configure:8420: result: .libs
configure:8691: checking if gcc supports -fno-rtti -fno-exceptions
configure:8709: gcc -c -g -O2 -fstack-protector --param=ssp-buffer-size=4 -Wformat -Werror=format-security -D_FORTIFY_SOURCE=2 -fno-rtti -fno-exceptions conftest.c >&5
cc1: warning: command line option '-fno-rtti' is valid for C++/ObjC++ but not for C [enabled by default]
configure:8713: $? = 0
configure:8726: result: no
configure:9053: checking for gcc option to produce PIC
configure:9060: result: -fPIC -DPIC
configure:9068: checking if gcc PIC flag -fPIC -DPIC works
configure:9086: gcc -c -g -O2 -fstack-protector --param=ssp-buffer-size=4 -Wformat -Werror=format-security -D_FORTIFY_SOURCE=2 -fPIC -DPIC -DPIC conftest.c >&5
configure:9090: $? = 0
configure:9103: result: yes
configure:9132: checking if gcc static flag -static works
configure:9160: result: yes
configure:9175: checking if gcc supports -c -o file.o
configure:9196: gcc -c -g -O2 -fstack-protector --param=ssp-buffer-size=4 -Wformat -Werror=format-security -D_FORTIFY_SOURCE=2 -o out/conftest2.o conftest.c >&5
configure:9200: $? = 0
configure:9222: result: yes
configure:9230: checking if gcc supports -c -o file.o
configure:9277: result: yes
configure:9310: checking whether the gcc linker (/usr/bin/ld -m elf_x86_64) supports shared libraries
configure:10467: result: yes
configure:10504: checking whether -lc should be explicitly linked in
configure:10512: gcc -c -g -O2 -fstack-protector --param=ssp-buffer-size=4 -Wformat -Werror=format-security -D_FORTIFY_SOURCE=2 conftest.c >&5
configure:10515: $? = 0
configure:10530: gcc -shared  -fPIC -DPIC conftest.o  -v -Wl,-soname -Wl,conftest -o conftest 2\>\&1 \| /bin/grep  -lc  \>/dev/null 2\>\&1
configure:10533: $? = 0
configure:10547: result: no
configure:10707: checking dynamic linker characteristics
configure:11207: gcc -o conftest -g -O2 -fstack-protector --param=ssp-buffer-size=4 -Wformat -Werror=format-security -D_FORTIFY_SOURCE=2 -Wl,-Bsymbolic-functions -Wl,-z,relro -Wl,-rpath -Wl,/foo conftest.c  >&5
configure:11207: $? = 0
configure:11441: result: GNU/Linux ld.so
configure:11548: checking how to hardcode library paths into programs
configure:11573: result: immediate
configure:12113: checking whether stripping libraries is possible
configure:12118: result: yes
configure:12153: checking if libtool supports shared libraries
configure:12155: result: yes
configure:12158: checking whether to build shared libraries
configure:12179: result: yes
configure:12182: checking whether to build static libraries
configure:12186: result: yes
configure:12237: checking whether make supports nested variables
configure:12254: result: yes
configure:12319: checking for gcc
configure:12346: result: gcc
configure:12575: checking for C compiler version
configure:12584: gcc --version >&5
gcc (Ubuntu 4.8.2-19ubuntu1) 4.8.2
Copyright (C) 2013 Free Software Foundation, Inc.
This is free software; see the source for copying conditions.  There is NO
warranty; not even for MERCHANTABILITY or FITNESS FOR A PARTICULAR PURPOSE.

configure:12595: $? = 0
configure:12584: gcc -v >&5
Using built-in specs.
COLLECT_GCC=gcc
COLLECT_LTO_WRAPPER=/usr/lib/gcc/x86_64-linux-gnu/4.8/lto-wrapper
Target: x86_64-linux-gnu
Configured with: ../src/configure -v --with-pkgversion='Ubuntu 4.8.2-19ubuntu1' --with-bugurl=file:///usr/share/doc/gcc-4.8/README.Bugs --enable-languages=c,c++,java,go,d,fortran,objc,obj-c++ --prefix=/usr --program-suffix=-4.8 --enable-shared --enable-linker-build-id --libexecdir=/usr/lib --without-included-gettext --enable-threads=posix --with-gxx-include-dir=/usr/include/c++/4.8 --libdir=/usr/lib --enable-nls --with-sysroot=/ --enable-clocale=gnu --enable-libstdcxx-debug --enable-libstdcxx-time=yes --enable-gnu-unique-object --disable-libmudflap --enable-plugin --with-system-zlib --disable-browser-plugin --enable-java-awt=gtk --enable-gtk-cairo --with-java-home=/usr/lib/jvm/java-1.5.0-gcj-4.8-amd64/jre --enable-java-home --with-jvm-root-dir=/usr/lib/jvm/java-1.5.0-gcj-4.8-amd64 --with-jvm-jar-dir=/usr/lib/jvm-exports/java-1.5.0-gcj-4.8-amd64 --with-arch-directory=amd64 --with-ecj-jar=/usr/share/java/eclipse-ecj.jar --enable-objc-gc --enable-multiarch --disable-werror --with-arch-32=i686 --with-abi=m64 --with-multilib-list=m32,m64,mx32 --with-tune=generic --enable-checking=release --build=x86_64-linux-gnu --host=x86_64-linux-gnu --target=x86_64-linux-gnu
Thread model: posix
gcc version 4.8.2 (Ubuntu 4.8.2-19ubuntu1) 
configure:12595: $? = 0
configure:12584: gcc -V >&5
gcc: error: unrecognized command line option '-V'
gcc: fatal error: no input files
compilation terminated.
configure:12595: $? = 4
configure:12584: gcc -qversion >&5
gcc: error: unrecognized command line option '-qversion'
gcc: fatal error: no input files
compilation terminated.
configure:12595: $? = 4
configure:12599: checking whether we are using the GNU C compiler
configure:12627: result: yes
configure:12636: checking whether gcc accepts -g
configure:12697: result: yes
configure:12714: checking for gcc option to accept ISO C89
configure:12790: result: none needed
configure:12815: checking whether gcc understands -c and -o together
configure:12852: result: yes
configure:12871: checking dependency style of gcc
configure:12982: result: none
configure:13003: checking for gcc option to accept ISO C99
configure:13152: gcc  -c -g -O2 -fstack-protector --param=ssp-buffer-size=4 -Wformat -Werror=format-security -D_FORTIFY_SOURCE=2 conftest.c >&5
conftest.c:73:29: error: expected ';', ',' or ')' before 'text'
 test_restrict (ccp restrict text)
                             ^
conftest.c: In function 'main':
conftest.c:127:18: error: expected '=', ',', ';', 'asm' or '__attribute__' before 'newvar'
   char *restrict newvar = "Another string";
                  ^
conftest.c:127:18: error: 'newvar' undeclared (first use in this function)
conftest.c:127:18: note: each undeclared identifier is reported only once for each function it appears in
conftest.c:137:3: error: 'for' loop initial declarations are only allowed in C99 mode
   for (int i = 0; i < ia->datasize; ++i)
   ^
conftest.c:137:3: note: use option -std=c99 or -std=gnu99 to compile your code
configure:13152: $? = 1
configure: failed program was:
| /* confdefs.h */
| #define PACKAGE_NAME "lxsession"
| #define PACKAGE_TARNAME "lxsession"
| #define PACKAGE_VERSION "0.4.9.3"
| #define PACKAGE_STRING "lxsession 0.4.9.3"
| #define PACKAGE_BUGREPORT ""
| #define PACKAGE_URL ""
| #define PACKAGE "lxsession"
| #define VERSION "0.4.9.3"
| #define STDC_HEADERS 1
| #define HAVE_SYS_TYPES_H 1
| #define HAVE_SYS_STAT_H 1
| #define HAVE_STDLIB_H 1
| #define HAVE_STRING_H 1
| #define HAVE_MEMORY_H 1
| #define HAVE_STRINGS_H 1
| #define HAVE_INTTYPES_H 1
| #define HAVE_STDINT_H 1
| #define HAVE_UNISTD_H 1
| #define HAVE_DLFCN_H 1
| #define LT_OBJDIR ".libs/"
| /* end confdefs.h.  */
| #include <stdarg.h>
| #include <stdbool.h>
| #include <stdlib.h>
| #include <wchar.h>
| #include <stdio.h>
| 
| // Check varargs macros.  These examples are taken from C99 6.10.3.5.
| #define debug(...) fprintf (stderr, __VA_ARGS__)
| #define showlist(...) puts (#__VA_ARGS__)
| #define report(test,...) ((test) ? puts (#test) : printf (__VA_ARGS__))
| static void
| test_varargs_macros (void)
| {
|   int x = 1234;
|   int y = 5678;
|   debug ("Flag");
|   debug ("X = %d\n", x);
|   showlist (The first, second, and third items.);
|   report (x>y, "x is %d but y is %d", x, y);
| }
| 
| // Check long long types.
| #define BIG64 18446744073709551615ull
| #define BIG32 4294967295ul
| #define BIG_OK (BIG64 / BIG32 == 4294967297ull && BIG64 % BIG32 == 0)
| #if !BIG_OK
|   your preprocessor is broken;
| #endif
| #if BIG_OK
| #else
|   your preprocessor is broken;
| #endif
| static long long int bignum = -9223372036854775807LL;
| static unsigned long long int ubignum = BIG64;
| 
| struct incomplete_array
| {
|   int datasize;
|   double data[];
| };
| 
| struct named_init {
|   int number;
|   const wchar_t *name;
|   double average;
| };
| 
| typedef const char *ccp;
| 
| static inline int
| test_restrict (ccp restrict text)
| {
|   // See if C++-style comments work.
|   // Iterate through items via the restricted pointer.
|   // Also check for declarations in for loops.
|   for (unsigned int i = 0; *(text+i) != '\0'; ++i)
|     continue;
|   return 0;
| }
| 
| // Check varargs and va_copy.
| static void
| test_varargs (const char *format, ...)
| {
|   va_list args;
|   va_start (args, format);
|   va_list args_copy;
|   va_copy (args_copy, args);
| 
|   const char *str;
|   int number;
|   float fnumber;
| 
|   while (*format)
|     {
|       switch (*format++)
| 	{
| 	case 's': // string
| 	  str = va_arg (args_copy, const char *);
| 	  break;
| 	case 'd': // int
| 	  number = va_arg (args_copy, int);
| 	  break;
| 	case 'f': // float
| 	  fnumber = va_arg (args_copy, double);
| 	  break;
| 	default:
| 	  break;
| 	}
|     }
|   va_end (args_copy);
|   va_end (args);
| }
| 
| int
| main ()
| {
| 
|   // Check bool.
|   _Bool success = false;
| 
|   // Check restrict.
|   if (test_restrict ("String literal") == 0)
|     success = true;
|   char *restrict newvar = "Another string";
| 
|   // Check varargs.
|   test_varargs ("s, d' f .", "string", 65, 34.234);
|   test_varargs_macros ();
| 
|   // Check flexible array members.
|   struct incomplete_array *ia =
|     malloc (sizeof (struct incomplete_array) + (sizeof (double) * 10));
|   ia->datasize = 10;
|   for (int i = 0; i < ia->datasize; ++i)
|     ia->data[i] = i * 1.234;
| 
|   // Check named initializers.
|   struct named_init ni = {
|     .number = 34,
|     .name = L"Test wide string",
|     .average = 543.34343,
|   };
| 
|   ni.number = 58;
| 
|   int dynamic_array[ni.number];
|   dynamic_array[ni.number - 1] = 543;
| 
|   // work around unused variable warnings
|   return (!success || bignum == 0LL || ubignum == 0uLL || newvar[0] == 'x'
| 	  || dynamic_array[ni.number - 1] != 543);
| 
|   ;
|   return 0;
| }
configure:13152: gcc -std=gnu99 -c -g -O2 -fstack-protector --param=ssp-buffer-size=4 -Wformat -Werror=format-security -D_FORTIFY_SOURCE=2 conftest.c >&5
configure:13152: $? = 0
configure:13172: result: -std=gnu99
configure:13273: checking for gcc -std=gnu99 option to accept ISO Standard C
configure:13287: result: -std=gnu99
configure:13293: checking for mkstemp
configure:13293: gcc -std=gnu99 -o conftest -g -O2 -fstack-protector --param=ssp-buffer-size=4 -Wformat -Werror=format-security -D_FORTIFY_SOURCE=2 -Wl,-Bsymbolic-functions -Wl,-z,relro conftest.c  >&5
configure:13293: $? = 0
configure:13293: result: yes
configure:13378: checking for pkg-config
configure:13396: found /usr/bin/pkg-config
configure:13408: result: /usr/bin/pkg-config
configure:13433: checking pkg-config is at least version 0.9.0
configure:13436: result: yes
configure:13446: checking for X11
configure:13453: $PKG_CONFIG --exists --print-errors "x11"
configure:13456: $? = 0
configure:13470: $PKG_CONFIG --exists --print-errors "x11"
configure:13473: $? = 0
configure:13531: result: yes
configure:13540: checking for GLIB
configure:13547: $PKG_CONFIG --exists --print-errors "glib-2.0 >= 2.6.0"
configure:13550: $? = 0
configure:13564: $PKG_CONFIG --exists --print-errors "glib-2.0 >= 2.6.0"
configure:13567: $? = 0
configure:13625: result: yes
configure:13634: checking for GIO
configure:13641: $PKG_CONFIG --exists --print-errors "gio-unix-2.0"
configure:13644: $? = 0
configure:13658: $PKG_CONFIG --exists --print-errors "gio-unix-2.0"
configure:13661: $? = 0
configure:13719: result: yes
configure:13728: checking for DBUSGLIB
configure:13735: $PKG_CONFIG --exists --print-errors "dbus-glib-1"
configure:13738: $? = 0
configure:13752: $PKG_CONFIG --exists --print-errors "dbus-glib-1"
configure:13755: $? = 0
configure:13813: result: yes
configure:13822: checking for DBUS
configure:13829: $PKG_CONFIG --exists --print-errors "dbus-1"
configure:13832: $? = 0
configure:13846: $PKG_CONFIG --exists --print-errors "dbus-1"
configure:13849: $? = 0
configure:13907: result: yes
configure:13952: checking for GTK
configure:13959: $PKG_CONFIG --exists --print-errors "$gtk_modules"
configure:13962: $? = 0
configure:13976: $PKG_CONFIG --exists --print-errors "$gtk_modules"
configure:13979: $? = 0
configure:14037: result: yes
configure:14047: checking for POLKIT
configure:14054: $PKG_CONFIG --exists --print-errors "$polkit_modules"
configure:14057: $? = 0
configure:14071: $PKG_CONFIG --exists --print-errors "$polkit_modules"
configure:14074: $? = 0
configure:14132: result: yes
configure:14176: checking for valac
configure:14194: found /usr/bin/valac
configure:14207: result: /usr/bin/valac
configure:14216: checking whether /usr/bin/valac is at least version 0.14.0
configure:14224: result: yes
configure:14281: checking locale.h usability
configure:14281: gcc -std=gnu99 -c -g -O2 -fstack-protector --param=ssp-buffer-size=4 -Wformat -Werror=format-security -D_FORTIFY_SOURCE=2 -DG_DISABLE_ASSERT -DG_DISABLE_CHECKS -DG_DISABLE_CAST_CHECKS conftest.c >&5
configure:14281: $? = 0
configure:14281: result: yes
configure:14281: checking locale.h presence
configure:14281: gcc -E -D_FORTIFY_SOURCE=2 -DG_DISABLE_ASSERT -DG_DISABLE_CHECKS -DG_DISABLE_CAST_CHECKS conftest.c
configure:14281: $? = 0
configure:14281: result: yes
configure:14281: checking for locale.h
configure:14281: result: yes
configure:14292: checking for LC_MESSAGES
configure:14308: gcc -std=gnu99 -o conftest -g -O2 -fstack-protector --param=ssp-buffer-size=4 -Wformat -Werror=format-security -D_FORTIFY_SOURCE=2 -DG_DISABLE_ASSERT -DG_DISABLE_CHECKS -DG_DISABLE_CAST_CHECKS -Wl,-Bsymbolic-functions -Wl,-z,relro conftest.c  >&5
configure:14308: $? = 0
configure:14316: result: yes
configure:14333: checking libintl.h usability
configure:14333: gcc -std=gnu99 -c -g -O2 -fstack-protector --param=ssp-buffer-size=4 -Wformat -Werror=format-security -D_FORTIFY_SOURCE=2 -DG_DISABLE_ASSERT -DG_DISABLE_CHECKS -DG_DISABLE_CAST_CHECKS conftest.c >&5
configure:14333: $? = 0
configure:14333: result: yes
configure:14333: checking libintl.h presence
configure:14333: gcc -E -D_FORTIFY_SOURCE=2 -DG_DISABLE_ASSERT -DG_DISABLE_CHECKS -DG_DISABLE_CAST_CHECKS conftest.c
configure:14333: $? = 0
configure:14333: result: yes
configure:14333: checking for libintl.h
configure:14333: result: yes
configure:14341: checking for ngettext in libc
configure:14359: gcc -std=gnu99 -o conftest -g -O2 -fstack-protector --param=ssp-buffer-size=4 -Wformat -Werror=format-security -D_FORTIFY_SOURCE=2 -DG_DISABLE_ASSERT -DG_DISABLE_CHECKS -DG_DISABLE_CAST_CHECKS -Wl,-Bsymbolic-functions -Wl,-z,relro conftest.c  >&5
configure:14359: $? = 0
configure:14368: result: yes
configure:14372: checking for dgettext in libc
configure:14390: gcc -std=gnu99 -o conftest -g -O2 -fstack-protector --param=ssp-buffer-size=4 -Wformat -Werror=format-security -D_FORTIFY_SOURCE=2 -DG_DISABLE_ASSERT -DG_DISABLE_CHECKS -DG_DISABLE_CAST_CHECKS -Wl,-Bsymbolic-functions -Wl,-z,relro conftest.c  >&5
configure:14390: $? = 0
configure:14399: result: yes
configure:14406: checking for bind_textdomain_codeset
configure:14406: gcc -std=gnu99 -o conftest -g -O2 -fstack-protector --param=ssp-buffer-size=4 -Wformat -Werror=format-security -D_FORTIFY_SOURCE=2 -DG_DISABLE_ASSERT -DG_DISABLE_CHECKS -DG_DISABLE_CAST_CHECKS -Wl,-Bsymbolic-functions -Wl,-z,relro conftest.c  >&5
configure:14406: $? = 0
configure:14406: result: yes
configure:14682: checking for msgfmt
configure:14709: result: /usr/bin/msgfmt
configure:14720: checking for dcgettext
configure:14720: gcc -std=gnu99 -o conftest -g -O2 -fstack-protector --param=ssp-buffer-size=4 -Wformat -Werror=format-security -D_FORTIFY_SOURCE=2 -DG_DISABLE_ASSERT -DG_DISABLE_CHECKS -DG_DISABLE_CAST_CHECKS -Wl,-Bsymbolic-functions -Wl,-z,relro conftest.c   >&5
conftest.c:51:6: warning: conflicting types for built-in function 'dcgettext' [enabled by default]
 char dcgettext ();
      ^
configure:14720: $? = 0
configure:14720: result: yes
configure:14730: checking if msgfmt accepts -c
configure:14745: $MSGFMT -c -o /dev/null conftest.foo
conftest.foo:3: warning: header field 'Language' missing in header
configure:14748: $? = 0
configure:14750: result: yes
configure:14760: checking for gmsgfmt
configure:14791: result: /usr/bin/msgfmt
configure:14801: checking for xgettext
configure:14828: result: /usr/bin/xgettext
configure:14847: gcc -std=gnu99 -o conftest -g -O2 -fstack-protector --param=ssp-buffer-size=4 -Wformat -Werror=format-security -D_FORTIFY_SOURCE=2 -DG_DISABLE_ASSERT -DG_DISABLE_CHECKS -DG_DISABLE_CAST_CHECKS -Wl,-Bsymbolic-functions -Wl,-z,relro conftest.c   >&5
configure:14847: $? = 0
configure:14995: checking for xsltproc
configure:15013: found /usr/bin/xsltproc
configure:15025: result: /usr/bin/xsltproc
configure:15050: checking for XML catalog (/etc/xml/catalog)
configure:15053: result: found
configure:15064: checking for xmlcatalog
configure:15082: found /usr/bin/xmlcatalog
configure:15095: result: /usr/bin/xmlcatalog
configure:15114: checking for DocBook XML DTD V4.1.2 in XML catalog
configure:15117: $XMLCATALOG --noout "$XML_CATALOG_FILE" "-//OASIS//DTD DocBook XML V4.1.2//EN" >&2
file:///usr/share/xml/docbook/schema/dtd/4.1.2/docbookx.dtd
configure:15120: $? = 0
configure:15122: result: found
configure:15131: checking for DocBook XSL Stylesheets >= 1.70.1 in XML catalog
configure:15134: $XMLCATALOG --noout "$XML_CATALOG_FILE" "http://docbook.sourceforge.net/release/xsl/current/manpages/docbook.xsl" >&2
file:///usr/share/xml/docbook/stylesheet/docbook-xsl/manpages/docbook.xsl
configure:15137: $? = 0
configure:15139: result: found
configure:15269: checking that generated files are newer than configure
configure:15275: result: done
configure:15322: creating ./config.status

## ---------------------- ##
## Running config.status. ##
## ---------------------- ##

This file was extended by lxsession config.status 0.4.9.3, which was
generated by GNU Autoconf 2.69.  Invocation command line was

  CONFIG_FILES    = 
  CONFIG_HEADERS  = 
  CONFIG_LINKS    = 
  CONFIG_COMMANDS = 
  $ ./config.status 

on hugh

config.status:1209: creating Makefile
config.status:1209: creating data/Makefile
config.status:1209: creating data/ui/Makefile
config.status:1209: creating lxclipboard/Makefile
config.status:1209: creating lxlock/Makefile
config.status:1209: creating lxpolkit/Makefile
config.status:1209: creating lxsession/Makefile
config.status:1209: creating lxsession-db/Makefile
config.status:1209: creating lxsession-default/Makefile
config.status:1209: creating lxsession-default-apps/Makefile
config.status:1209: creating lxsession-edit/Makefile
config.status:1209: creating lxsession-logout/Makefile
config.status:1209: creating lxsession-message/Makefile
config.status:1209: creating lxsession-utils/Makefile
config.status:1209: creating lxsettings-daemon/Makefile
config.status:1209: creating man/Makefile
config.status:1209: creating po/Makefile.in
config.status:1209: creating vapi/Makefile
config.status:1209: creating xdg-autostart/Makefile
config.status:1209: creating config.h
config.status:1438: executing depfiles commands
config.status:1438: executing libtool commands
config.status:1438: executing default-1 commands
config.status:1438: executing po/stamp-it commands
configure:17586: WARNING: unrecognized options: --disable-maintainer-mode

## ---------------- ##
## Cache variables. ##
## ---------------- ##

ac_cv_build=x86_64-pc-linux-gnu
ac_cv_c_compiler_gnu=yes
ac_cv_env_CC_set=
ac_cv_env_CC_value=
ac_cv_env_CFLAGS_set=set
ac_cv_env_CFLAGS_value='-g -O2 -fstack-protector --param=ssp-buffer-size=4 -Wformat -Werror=format-security'
ac_cv_env_CPPFLAGS_set=set
ac_cv_env_CPPFLAGS_value=-D_FORTIFY_SOURCE=2
ac_cv_env_CPP_set=
ac_cv_env_CPP_value=
ac_cv_env_DBUSGLIB_CFLAGS_set=
ac_cv_env_DBUSGLIB_CFLAGS_value=
ac_cv_env_DBUSGLIB_LIBS_set=
ac_cv_env_DBUSGLIB_LIBS_value=
ac_cv_env_DBUS_CFLAGS_set=
ac_cv_env_DBUS_CFLAGS_value=
ac_cv_env_DBUS_LIBS_set=
ac_cv_env_DBUS_LIBS_value=
ac_cv_env_GIO_CFLAGS_set=
ac_cv_env_GIO_CFLAGS_value=
ac_cv_env_GIO_LIBS_set=
ac_cv_env_GIO_LIBS_value=
ac_cv_env_GLIB_CFLAGS_set=
ac_cv_env_GLIB_CFLAGS_value=
ac_cv_env_GLIB_LIBS_set=
ac_cv_env_GLIB_LIBS_value=
ac_cv_env_GTK_CFLAGS_set=
ac_cv_env_GTK_CFLAGS_value=
ac_cv_env_GTK_LIBS_set=
ac_cv_env_GTK_LIBS_value=
ac_cv_env_LDFLAGS_set=set
ac_cv_env_LDFLAGS_value='-Wl,-Bsymbolic-functions -Wl,-z,relro'
ac_cv_env_LIBS_set=
ac_cv_env_LIBS_value=
ac_cv_env_PKG_CONFIG_LIBDIR_set=
ac_cv_env_PKG_CONFIG_LIBDIR_value=
ac_cv_env_PKG_CONFIG_PATH_set=
ac_cv_env_PKG_CONFIG_PATH_value=
ac_cv_env_PKG_CONFIG_set=
ac_cv_env_PKG_CONFIG_value=
ac_cv_env_POLKIT_CFLAGS_set=
ac_cv_env_POLKIT_CFLAGS_value=
ac_cv_env_POLKIT_LIBS_set=
ac_cv_env_POLKIT_LIBS_value=
ac_cv_env_X11_CFLAGS_set=
ac_cv_env_X11_CFLAGS_value=
ac_cv_env_X11_LIBS_set=
ac_cv_env_X11_LIBS_value=
ac_cv_env_build_alias_set=set
ac_cv_env_build_alias_value=x86_64-linux-gnu
ac_cv_env_host_alias_set=
ac_cv_env_host_alias_value=
ac_cv_env_target_alias_set=
ac_cv_env_target_alias_value=
ac_cv_func_bind_textdomain_codeset=yes
ac_cv_func_dcgettext=yes
ac_cv_func_mkstemp=yes
ac_cv_header_dlfcn_h=yes
ac_cv_header_inttypes_h=yes
ac_cv_header_libintl_h=yes
ac_cv_header_locale_h=yes
ac_cv_header_memory_h=yes
ac_cv_header_stdc=yes
ac_cv_header_stdint_h=yes
ac_cv_header_stdlib_h=yes
ac_cv_header_string_h=yes
ac_cv_header_strings_h=yes
ac_cv_header_sys_stat_h=yes
ac_cv_header_sys_types_h=yes
ac_cv_header_unistd_h=yes
ac_cv_host=x86_64-pc-linux-gnu
ac_cv_objext=o
ac_cv_path_EGREP='/bin/grep -E'
ac_cv_path_FGREP='/bin/grep -F'
ac_cv_path_GMSGFMT=/usr/bin/msgfmt
ac_cv_path_GREP=/bin/grep
ac_cv_path_INTLTOOL_EXTRACT=/usr/bin/intltool-extract
ac_cv_path_INTLTOOL_MERGE=/usr/bin/intltool-merge
ac_cv_path_INTLTOOL_PERL=/usr/bin/perl
ac_cv_path_INTLTOOL_UPDATE=/usr/bin/intltool-update
ac_cv_path_MSGFMT=/usr/bin/msgfmt
ac_cv_path_MSGMERGE=/usr/bin/msgmerge
ac_cv_path_SED=/bin/sed
ac_cv_path_VALAC=/usr/bin/valac
ac_cv_path_XGETTEXT=/usr/bin/xgettext
ac_cv_path_XMLCATALOG=/usr/bin/xmlcatalog
ac_cv_path_XSLTPROC=/usr/bin/xsltproc
ac_cv_path_ac_pt_PKG_CONFIG=/usr/bin/pkg-config
ac_cv_path_install='/usr/bin/install -c'
ac_cv_path_mkdir=/bin/mkdir
ac_cv_prog_AWK=gawk
ac_cv_prog_CPP='gcc -E'
ac_cv_prog_ac_ct_AR=ar
ac_cv_prog_ac_ct_CC=gcc
ac_cv_prog_ac_ct_MANIFEST_TOOL=mt
ac_cv_prog_ac_ct_OBJDUMP=objdump
ac_cv_prog_ac_ct_RANLIB=ranlib
ac_cv_prog_ac_ct_STRIP=strip
ac_cv_prog_cc_c89=
ac_cv_prog_cc_c99=-std=gnu99
ac_cv_prog_cc_g=yes
ac_cv_prog_cc_stdc=-std=gnu99
ac_cv_prog_make_make_set=yes
am_cv_CC_dependencies_compiler_type=none
am_cv_make_support_nested_variables=yes
am_cv_prog_cc_c_o=yes
am_cv_val_LC_MESSAGES=yes
gt_cv_func_dgettext_libc=yes
gt_cv_func_dgettext_libintl=no
gt_cv_func_ngettext_libc=yes
gt_cv_have_gettext=yes
lt_cv_ar_at_file=@
lt_cv_archive_cmds_need_lc=no
lt_cv_deplibs_check_method=pass_all
lt_cv_file_magic_cmd='$MAGIC_CMD'
lt_cv_file_magic_test_file=
lt_cv_ld_reload_flag=-r
lt_cv_nm_interface='BSD nm'
lt_cv_objdir=.libs
lt_cv_path_LD=/usr/bin/ld
lt_cv_path_NM='/usr/bin/nm -B'
lt_cv_path_mainfest_tool=no
lt_cv_prog_compiler_c_o=yes
lt_cv_prog_compiler_pic='-fPIC -DPIC'
lt_cv_prog_compiler_pic_works=yes
lt_cv_prog_compiler_rtti_exceptions=no
lt_cv_prog_compiler_static_works=yes
lt_cv_prog_gnu_ld=yes
lt_cv_sharedlib_from_linklib_cmd='printf %s\n'
lt_cv_shlibpath_overrides_runpath=no
lt_cv_sys_global_symbol_pipe='sed -n -e '\''s/^.*[	 ]\([ABCDGIRSTW][ABCDGIRSTW]*\)[	 ][	 ]*\([_A-Za-z][_A-Za-z0-9]*\)$/\1 \2 \2/p'\'' | sed '\''/ __gnu_lto/d'\'''
lt_cv_sys_global_symbol_to_c_name_address='sed -n -e '\''s/^: \([^ ]*\)[ ]*$/  {\"\1\", (void *) 0},/p'\'' -e '\''s/^[ABCDGIRSTW]* \([^ ]*\) \([^ ]*\)$/  {"\2", (void *) \&\2},/p'\'''
lt_cv_sys_global_symbol_to_c_name_address_lib_prefix='sed -n -e '\''s/^: \([^ ]*\)[ ]*$/  {\"\1\", (void *) 0},/p'\'' -e '\''s/^[ABCDGIRSTW]* \([^ ]*\) \(lib[^ ]*\)$/  {"\2", (void *) \&\2},/p'\'' -e '\''s/^[ABCDGIRSTW]* \([^ ]*\) \([^ ]*\)$/  {"lib\2", (void *) \&\2},/p'\'''
lt_cv_sys_global_symbol_to_cdecl='sed -n -e '\''s/^T .* \(.*\)$/extern int \1();/p'\'' -e '\''s/^[ABCDGIRSTW]* .* \(.*\)$/extern char \1;/p'\'''
lt_cv_sys_max_cmd_len=3458764513820540925
lt_cv_to_host_file_cmd=func_convert_file_noop
lt_cv_to_tool_file_cmd=func_convert_file_noop
pkg_cv_DBUSGLIB_CFLAGS='-I/usr/include/dbus-1.0 -I/usr/lib/x86_64-linux-gnu/dbus-1.0/include -I/usr/include/glib-2.0 -I/usr/lib/x86_64-linux-gnu/glib-2.0/include  '
pkg_cv_DBUSGLIB_LIBS='-ldbus-glib-1 -ldbus-1 -lgobject-2.0 -lglib-2.0  '
pkg_cv_DBUS_CFLAGS='-I/usr/include/dbus-1.0 -I/usr/lib/x86_64-linux-gnu/dbus-1.0/include  '
pkg_cv_DBUS_LIBS='-ldbus-1  '
pkg_cv_GIO_CFLAGS='-pthread -I/usr/include/gio-unix-2.0/ -I/usr/include/glib-2.0 -I/usr/lib/x86_64-linux-gnu/glib-2.0/include  '
pkg_cv_GIO_LIBS='-lgio-2.0 -lgobject-2.0 -lglib-2.0  '
pkg_cv_GLIB_CFLAGS='-I/usr/include/glib-2.0 -I/usr/lib/x86_64-linux-gnu/glib-2.0/include  '
pkg_cv_GLIB_LIBS='-lglib-2.0  '
pkg_cv_GTK_CFLAGS='-pthread -I/usr/include/gtk-2.0 -I/usr/lib/x86_64-linux-gnu/gtk-2.0/include -I/usr/include/atk-1.0 -I/usr/include/cairo -I/usr/include/gdk-pixbuf-2.0 -I/usr/include/pango-1.0 -I/usr/include/gio-unix-2.0/ -I/usr/include/freetype2 -I/usr/include/glib-2.0 -I/usr/lib/x86_64-linux-gnu/glib-2.0/include -I/usr/include/pixman-1 -I/usr/include/libpng12 -I/usr/include/harfbuzz  '
pkg_cv_GTK_LIBS='-lgtk-x11-2.0 -lgdk-x11-2.0 -latk-1.0 -lgio-2.0 -lpangoft2-1.0 -lpangocairo-1.0 -lgdk_pixbuf-2.0 -lcairo -lpango-1.0 -lfontconfig -lgobject-2.0 -lglib-2.0 -lfreetype  '
pkg_cv_POLKIT_CFLAGS='-pthread -I/usr/include/polkit-1 -I/usr/include/glib-2.0 -I/usr/lib/x86_64-linux-gnu/glib-2.0/include  '
pkg_cv_POLKIT_LIBS='-lpolkit-agent-1 -lpolkit-gobject-1 -lgio-2.0 -lgobject-2.0 -lglib-2.0  '
pkg_cv_X11_CFLAGS=' '
pkg_cv_X11_LIBS='-lX11  '

## ----------------- ##
## Output variables. ##
## ----------------- ##

ACLOCAL='${SHELL} /home/hugh/lxsession-0.4.9.2+git20140410/missing aclocal-1.14'
ADDITIONAL_FLAGS=''
ALL_LINGUAS=''
AMDEPBACKSLASH=''
AMDEP_FALSE=''
AMDEP_TRUE='#'
AMTAR='$${TAR-tar}'
AM_BACKSLASH='\'
AM_DEFAULT_V='$(AM_DEFAULT_VERBOSITY)'
AM_DEFAULT_VERBOSITY='0'
AM_V='$(V)'
AR='ar'
AUTOCONF='${SHELL} /home/hugh/lxsession-0.4.9.2+git20140410/missing autoconf'
AUTOHEADER='${SHELL} /home/hugh/lxsession-0.4.9.2+git20140410/missing autoheader'
AUTOMAKE='${SHELL} /home/hugh/lxsession-0.4.9.2+git20140410/missing automake-1.14'
AWK='gawk'
CATALOGS=''
CATOBJEXT='.gmo'
CC='gcc -std=gnu99'
CCDEPMODE='depmode=none'
CFLAGS='-g -O2 -fstack-protector --param=ssp-buffer-size=4 -Wformat -Werror=format-security'
CPP='gcc -E'
CPPFLAGS='-D_FORTIFY_SOURCE=2 -DG_DISABLE_ASSERT -DG_DISABLE_CHECKS -DG_DISABLE_CAST_CHECKS'
CYGPATH_W='echo'
DATADIRNAME='share'
DBUSGLIB_CFLAGS='-I/usr/include/dbus-1.0 -I/usr/lib/x86_64-linux-gnu/dbus-1.0/include -I/usr/include/glib-2.0 -I/usr/lib/x86_64-linux-gnu/glib-2.0/include  '
DBUSGLIB_LIBS='-ldbus-glib-1 -ldbus-1 -lgobject-2.0 -lglib-2.0  '
DBUS_CFLAGS='-I/usr/include/dbus-1.0 -I/usr/lib/x86_64-linux-gnu/dbus-1.0/include  '
DBUS_LIBS='-ldbus-1  '
DEFS='-DHAVE_CONFIG_H'
DEPDIR='.deps'
DLLTOOL='false'
DSYMUTIL=''
DUMPBIN=''
ECHO_C=''
ECHO_N='-n'
ECHO_T=''
EGREP='/bin/grep -E'
ENABLE_REGENERATE_MAN_FALSE='#'
ENABLE_REGENERATE_MAN_TRUE=''
EXEEXT=''
FGREP='/bin/grep -F'
GETTEXT_PACKAGE='lxsession'
GIO_CFLAGS='-pthread -I/usr/include/gio-unix-2.0/ -I/usr/include/glib-2.0 -I/usr/lib/x86_64-linux-gnu/glib-2.0/include  '
GIO_LIBS='-lgio-2.0 -lgobject-2.0 -lglib-2.0  '
GLIB_CFLAGS='-I/usr/include/glib-2.0 -I/usr/lib/x86_64-linux-gnu/glib-2.0/include  '
GLIB_LIBS='-lglib-2.0  '
GMOFILES=''
GMSGFMT='/usr/bin/msgfmt'
GREP='/bin/grep'
GTK_CFLAGS='-pthread -I/usr/include/gtk-2.0 -I/usr/lib/x86_64-linux-gnu/gtk-2.0/include -I/usr/include/atk-1.0 -I/usr/include/cairo -I/usr/include/gdk-pixbuf-2.0 -I/usr/include/pango-1.0 -I/usr/include/gio-unix-2.0/ -I/usr/include/freetype2 -I/usr/include/glib-2.0 -I/usr/lib/x86_64-linux-gnu/glib-2.0/include -I/usr/include/pixman-1 -I/usr/include/libpng12 -I/usr/include/harfbuzz  '
GTK_LIBS='-lgtk-x11-2.0 -lgdk-x11-2.0 -latk-1.0 -lgio-2.0 -lpangoft2-1.0 -lpangocairo-1.0 -lgdk_pixbuf-2.0 -lcairo -lpango-1.0 -lfontconfig -lgobject-2.0 -lglib-2.0 -lfreetype  '
INSTALL_DATA='${INSTALL} -m 644'
INSTALL_PROGRAM='${INSTALL}'
INSTALL_SCRIPT='${INSTALL}'
INSTALL_STRIP_PROGRAM='$(install_sh) -c -s'
INSTOBJEXT='.mo'
INTLLIBS=''
INTLTOOL_CAVES_RULE='%.caves:     %.caves.in     $(INTLTOOL_MERGE) $(wildcard $(top_srcdir)/po/*.po) ; $(INTLTOOL_V_MERGE)LC_ALL=C $(INTLTOOL_MERGE) $(INTLTOOL_V_MERGE_OPTIONS) -d -u -c $(top_builddir)/po/.intltool-merge-cache $(top_srcdir)/po $< $@'
INTLTOOL_DESKTOP_RULE='%.desktop:   %.desktop.in   $(INTLTOOL_MERGE) $(wildcard $(top_srcdir)/po/*.po) ; $(INTLTOOL_V_MERGE)LC_ALL=C $(INTLTOOL_MERGE) $(INTLTOOL_V_MERGE_OPTIONS) -d -u -c $(top_builddir)/po/.intltool-merge-cache $(top_srcdir)/po $< $@'
INTLTOOL_DIRECTORY_RULE='%.directory: %.directory.in $(INTLTOOL_MERGE) $(wildcard $(top_srcdir)/po/*.po) ; $(INTLTOOL_V_MERGE)LC_ALL=C $(INTLTOOL_MERGE) $(INTLTOOL_V_MERGE_OPTIONS) -d -u -c $(top_builddir)/po/.intltool-merge-cache $(top_srcdir)/po $< $@'
INTLTOOL_EXTRACT='/usr/bin/intltool-extract'
INTLTOOL_KBD_RULE='%.kbd:       %.kbd.in       $(INTLTOOL_MERGE) $(wildcard $(top_srcdir)/po/*.po) ; $(INTLTOOL_V_MERGE)LC_ALL=C $(INTLTOOL_MERGE) $(INTLTOOL_V_MERGE_OPTIONS) -x -u -m -c $(top_builddir)/po/.intltool-merge-cache $(top_srcdir)/po $< $@'
INTLTOOL_KEYS_RULE='%.keys:      %.keys.in      $(INTLTOOL_MERGE) $(wildcard $(top_srcdir)/po/*.po) ; $(INTLTOOL_V_MERGE)LC_ALL=C $(INTLTOOL_MERGE) $(INTLTOOL_V_MERGE_OPTIONS) -k -u -c $(top_builddir)/po/.intltool-merge-cache $(top_srcdir)/po $< $@'
INTLTOOL_MERGE='/usr/bin/intltool-merge'
INTLTOOL_OAF_RULE='%.oaf:       %.oaf.in       $(INTLTOOL_MERGE) $(wildcard $(top_srcdir)/po/*.po) ; $(INTLTOOL_V_MERGE)LC_ALL=C $(INTLTOOL_MERGE) $(INTLTOOL_V_MERGE_OPTIONS) -o -p $(top_srcdir)/po $< $@'
INTLTOOL_PERL='/usr/bin/perl'
INTLTOOL_POLICY_RULE='%.policy:    %.policy.in    $(INTLTOOL_MERGE) $(wildcard $(top_srcdir)/po/*.po) ; $(INTLTOOL_V_MERGE)LC_ALL=C $(INTLTOOL_MERGE) $(INTLTOOL_V_MERGE_OPTIONS) -x -u -c $(top_builddir)/po/.intltool-merge-cache $(top_srcdir)/po $< $@'
INTLTOOL_PONG_RULE='%.pong:      %.pong.in      $(INTLTOOL_MERGE) $(wildcard $(top_srcdir)/po/*.po) ; $(INTLTOOL_V_MERGE)LC_ALL=C $(INTLTOOL_MERGE) $(INTLTOOL_V_MERGE_OPTIONS) -x -u -c $(top_builddir)/po/.intltool-merge-cache $(top_srcdir)/po $< $@'
INTLTOOL_PROP_RULE='%.prop:      %.prop.in      $(INTLTOOL_MERGE) $(wildcard $(top_srcdir)/po/*.po) ; $(INTLTOOL_V_MERGE)LC_ALL=C $(INTLTOOL_MERGE) $(INTLTOOL_V_MERGE_OPTIONS) -d -u -c $(top_builddir)/po/.intltool-merge-cache $(top_srcdir)/po $< $@'
INTLTOOL_SCHEMAS_RULE='%.schemas:   %.schemas.in   $(INTLTOOL_MERGE) $(wildcard $(top_srcdir)/po/*.po) ; $(INTLTOOL_V_MERGE)LC_ALL=C $(INTLTOOL_MERGE) $(INTLTOOL_V_MERGE_OPTIONS) -s -u -c $(top_builddir)/po/.intltool-merge-cache $(top_srcdir)/po $< $@'
INTLTOOL_SERVER_RULE='%.server:    %.server.in    $(INTLTOOL_MERGE) $(wildcard $(top_srcdir)/po/*.po) ; $(INTLTOOL_V_MERGE)LC_ALL=C $(INTLTOOL_MERGE) $(INTLTOOL_V_MERGE_OPTIONS) -o -u -c $(top_builddir)/po/.intltool-merge-cache $(top_srcdir)/po $< $@'
INTLTOOL_SERVICE_RULE='%.service: %.service.in   $(INTLTOOL_MERGE) $(wildcard $(top_srcdir)/po/*.po) ; $(INTLTOOL_V_MERGE)LC_ALL=C $(INTLTOOL_MERGE) $(INTLTOOL_V_MERGE_OPTIONS) -d -u -c $(top_builddir)/po/.intltool-merge-cache $(top_srcdir)/po $< $@'
INTLTOOL_SHEET_RULE='%.sheet:     %.sheet.in     $(INTLTOOL_MERGE) $(wildcard $(top_srcdir)/po/*.po) ; $(INTLTOOL_V_MERGE)LC_ALL=C $(INTLTOOL_MERGE) $(INTLTOOL_V_MERGE_OPTIONS) -x -u -c $(top_builddir)/po/.intltool-merge-cache $(top_srcdir)/po $< $@'
INTLTOOL_SOUNDLIST_RULE='%.soundlist: %.soundlist.in $(INTLTOOL_MERGE) $(wildcard $(top_srcdir)/po/*.po) ; $(INTLTOOL_V_MERGE)LC_ALL=C $(INTLTOOL_MERGE) $(INTLTOOL_V_MERGE_OPTIONS) -d -u -c $(top_builddir)/po/.intltool-merge-cache $(top_srcdir)/po $< $@'
INTLTOOL_THEME_RULE='%.theme:     %.theme.in     $(INTLTOOL_MERGE) $(wildcard $(top_srcdir)/po/*.po) ; $(INTLTOOL_V_MERGE)LC_ALL=C $(INTLTOOL_MERGE) $(INTLTOOL_V_MERGE_OPTIONS) -d -u -c $(top_builddir)/po/.intltool-merge-cache $(top_srcdir)/po $< $@'
INTLTOOL_UI_RULE='%.ui:        %.ui.in        $(INTLTOOL_MERGE) $(wildcard $(top_srcdir)/po/*.po) ; $(INTLTOOL_V_MERGE)LC_ALL=C $(INTLTOOL_MERGE) $(INTLTOOL_V_MERGE_OPTIONS) -x -u -c $(top_builddir)/po/.intltool-merge-cache $(top_srcdir)/po $< $@'
INTLTOOL_UPDATE='/usr/bin/intltool-update'
INTLTOOL_V_MERGE='$(INTLTOOL__v_MERGE_$(V))'
INTLTOOL_V_MERGE_OPTIONS='$(intltool__v_merge_options_$(V))'
INTLTOOL_XAM_RULE='%.xam:       %.xml.in       $(INTLTOOL_MERGE) $(wildcard $(top_srcdir)/po/*.po) ; $(INTLTOOL_V_MERGE)LC_ALL=C $(INTLTOOL_MERGE) $(INTLTOOL_V_MERGE_OPTIONS) -x -u -c $(top_builddir)/po/.intltool-merge-cache $(top_srcdir)/po $< $@'
INTLTOOL_XML_NOMERGE_RULE='%.xml:       %.xml.in       $(INTLTOOL_MERGE) ; $(INTLTOOL_V_MERGE)LC_ALL=C $(INTLTOOL_MERGE) $(INTLTOOL_V_MERGE_OPTIONS) -x -u --no-translations $< $@'
INTLTOOL_XML_RULE='%.xml:       %.xml.in       $(INTLTOOL_MERGE) $(wildcard $(top_srcdir)/po/*.po) ; $(INTLTOOL_V_MERGE)LC_ALL=C $(INTLTOOL_MERGE) $(INTLTOOL_V_MERGE_OPTIONS) -x -u -c $(top_builddir)/po/.intltool-merge-cache $(top_srcdir)/po $< $@'
INTLTOOL__v_MERGE_0='@echo "  ITMRG " $@;'
INTLTOOL__v_MERGE_='$(INTLTOOL__v_MERGE_$(AM_DEFAULT_VERBOSITY))'
LD='/usr/bin/ld -m elf_x86_64'
LDFLAGS='-Wl,-Bsymbolic-functions -Wl,-z,relro'
LIBOBJS=''
LIBS=''
LIBTOOL='$(SHELL) $(top_builddir)/libtool'
LIPO=''
LN_S='ln -s'
LTLIBOBJS=''
MAKEINFO='${SHELL} /home/hugh/lxsession-0.4.9.2+git20140410/missing makeinfo'
MANIFEST_TOOL=':'
MKDIR_P='/bin/mkdir -p'
MKINSTALLDIRS='./mkinstalldirs'
MSGFMT='/usr/bin/msgfmt'
MSGFMT_OPTS='-c'
MSGMERGE='/usr/bin/msgmerge'
NM='/usr/bin/nm -B'
NMEDIT=''
OBJDUMP='objdump'
OBJEXT='o'
OTOOL64=''
OTOOL=''
PACKAGE='lxsession'
PACKAGE_BUGREPORT=''
PACKAGE_NAME='lxsession'
PACKAGE_STRING='lxsession 0.4.9.3'
PACKAGE_TARNAME='lxsession'
PACKAGE_URL=''
PACKAGE_VERSION='0.4.9.3'
PATH_SEPARATOR=':'
PKG_CONFIG='/usr/bin/pkg-config'
PKG_CONFIG_LIBDIR=''
PKG_CONFIG_PATH=''
POFILES=''
POLKIT_CFLAGS='-pthread -I/usr/include/polkit-1 -I/usr/include/glib-2.0 -I/usr/lib/x86_64-linux-gnu/glib-2.0/include  '
POLKIT_LIBS='-lpolkit-agent-1 -lpolkit-gobject-1 -lgio-2.0 -lgobject-2.0 -lglib-2.0  '
POSUB='po'
PO_IN_DATADIR_FALSE=''
PO_IN_DATADIR_TRUE=''
RANLIB='ranlib'
SED='/bin/sed'
SET_MAKE=''
SHELL='/bin/bash'
STRIP='strip'
USE_BUILDIN_CLIPBOARD_FALSE='#'
USE_BUILDIN_CLIPBOARD_TRUE=''
USE_BUILDIN_POLKIT_FALSE='#'
USE_BUILDIN_POLKIT_TRUE=''
USE_GTK_FALSE='#'
USE_GTK_TRUE=''
USE_NLS='yes'
VALAC='/usr/bin/valac'
VERSION='0.4.9.3'
X11_CFLAGS=' '
X11_LIBS='-lX11  '
XGETTEXT='/usr/bin/xgettext'
XMLCATALOG='/usr/bin/xmlcatalog'
XML_CATALOG_FILE='/etc/xml/catalog'
XSLTPROC='/usr/bin/xsltproc'
ac_ct_AR='ar'
ac_ct_CC='gcc'
ac_ct_DUMPBIN=''
am__EXEEXT_FALSE=''
am__EXEEXT_TRUE='#'
am__fastdepCC_FALSE=''
am__fastdepCC_TRUE='#'
am__include='include'
am__isrc=''
am__leading_dot='.'
am__nodep=''
am__quote=''
am__tar='$${TAR-tar} chof - "$$tardir"'
am__untar='$${TAR-tar} xf -'
bindir='${exec_prefix}/bin'
build='x86_64-pc-linux-gnu'
build_alias='x86_64-linux-gnu'
build_cpu='x86_64'
build_os='linux-gnu'
build_vendor='pc'
datadir='${datarootdir}'
datarootdir='${prefix}/share'
docdir='${datarootdir}/doc/${PACKAGE_TARNAME}'
dvidir='${docdir}'
exec_prefix='${prefix}'
host='x86_64-pc-linux-gnu'
host_alias=''
host_cpu='x86_64'
host_os='linux-gnu'
host_vendor='pc'
htmldir='${docdir}'
includedir='${prefix}/include'
infodir='${prefix}/share/info'
install_sh='${SHELL} /home/hugh/lxsession-0.4.9.2+git20140410/install-sh'
intltool__v_merge_options_0='-q'
intltool__v_merge_options_='$(intltool__v_merge_options_$(AM_DEFAULT_VERBOSITY))'
libdir='${prefix}/lib/x86_64-linux-gnu'
libexecdir='${prefix}/lib/x86_64-linux-gnu'
localedir='${datarootdir}/locale'
localstatedir='/var'
mandir='${prefix}/share/man'
mkdir_p='$(MKDIR_P)'
oldincludedir='/usr/include'
pdfdir='${docdir}'
prefix='/usr'
program_transform_name='s,x,x,'
psdir='${docdir}'
sbindir='${exec_prefix}/sbin'
sharedstatedir='${prefix}/com'
sysconfdir='/etc'
target_alias=''

## ----------- ##
## confdefs.h. ##
## ----------- ##

/* confdefs.h */
#define PACKAGE_NAME "lxsession"
#define PACKAGE_TARNAME "lxsession"
#define PACKAGE_VERSION "0.4.9.3"
#define PACKAGE_STRING "lxsession 0.4.9.3"
#define PACKAGE_BUGREPORT ""
#define PACKAGE_URL ""
#define PACKAGE "lxsession"
#define VERSION "0.4.9.3"
#define STDC_HEADERS 1
#define HAVE_SYS_TYPES_H 1
#define HAVE_SYS_STAT_H 1
#define HAVE_STDLIB_H 1
#define HAVE_STRING_H 1
#define HAVE_MEMORY_H 1
#define HAVE_STRINGS_H 1
#define HAVE_INTTYPES_H 1
#define HAVE_STDINT_H 1
#define HAVE_UNISTD_H 1
#define HAVE_DLFCN_H 1
#define LT_OBJDIR ".libs/"
#define HAS_MKSTEMP 1
#define HAVE_LOCALE_H 1
#define HAVE_LC_MESSAGES 1
#define HAVE_BIND_TEXTDOMAIN_CODESET 1
#define HAVE_GETTEXT 1
#define HAVE_DCGETTEXT 1
#define ENABLE_NLS 1
#define GETTEXT_PACKAGE "lxsession"

configure: exit 0
